Release 14.2 - xst P.28xd (nt64)
Copyright (c) 1995-2012 Xilinx, Inc.  All rights reserved.
--> Parameter TMPDIR set to xst/projnav.tmp


Total REAL time to Xst completion: 0.00 secs
Total CPU time to Xst completion: 0.16 secs
 
--> Parameter xsthdpdir set to xst


Total REAL time to Xst completion: 0.00 secs
Total CPU time to Xst completion: 0.16 secs
 
--> Reading design: top.prj

TABLE OF CONTENTS
  1) Synthesis Options Summary
  2) HDL Parsing
  3) HDL Elaboration
  4) HDL Synthesis
       4.1) HDL Synthesis Report
  5) Advanced HDL Synthesis
       5.1) Advanced HDL Synthesis Report
  6) Low Level Synthesis
  7) Partition Report
  8) Design Summary
       8.1) Primitive and Black Box Usage
       8.2) Device utilization summary
       8.3) Partition Resource Summary
       8.4) Timing Report
            8.4.1) Clock Information
            8.4.2) Asynchronous Control Signals Information
            8.4.3) Timing Summary
            8.4.4) Timing Details
            8.4.5) Cross Clock Domains Report


=========================================================================
*                      Synthesis Options Summary                        *
=========================================================================
---- Source Parameters
Input File Name                    : "top.prj"
Ignore Synthesis Constraint File   : NO

---- Target Parameters
Output File Name                   : "top"
Output Format                      : NGC
Target Device                      : xc7a100t-3-csg324

---- Source Options
Top Module Name                    : top
Automatic FSM Extraction           : YES
FSM Encoding Algorithm             : Auto
Safe Implementation                : No
FSM Style                          : LUT
RAM Extraction                     : Yes
RAM Style                          : Auto
ROM Extraction                     : Yes
Shift Register Extraction          : YES
ROM Style                          : Auto
Resource Sharing                   : YES
Asynchronous To Synchronous        : NO
Shift Register Minimum Size        : 2
Use DSP Block                      : Auto
Automatic Register Balancing       : No

---- Target Options
LUT Combining                      : Auto
Reduce Control Sets                : Auto
Add IO Buffers                     : YES
Global Maximum Fanout              : 100000
Add Generic Clock Buffer(BUFG)     : 32
Register Duplication               : YES
Optimize Instantiated Primitives   : NO
Use Clock Enable                   : Auto
Use Synchronous Set                : Auto
Use Synchronous Reset              : Auto
Pack IO Registers into IOBs        : Auto
Equivalent register Removal        : YES

---- General Options
Optimization Goal                  : Speed
Optimization Effort                : 1
Power Reduction                    : NO
Keep Hierarchy                     : No
Netlist Hierarchy                  : As_Optimized
RTL Output                         : Yes
Global Optimization                : AllClockNets
Read Cores                         : YES
Write Timing Constraints           : NO
Cross Clock Analysis               : NO
Hierarchy Separator                : /
Bus Delimiter                      : <>
Case Specifier                     : Maintain
Slice Utilization Ratio            : 100
BRAM Utilization Ratio             : 100
DSP48 Utilization Ratio            : 100
Auto BRAM Packing                  : NO
Slice Utilization Ratio Delta      : 5

=========================================================================


=========================================================================
*                          HDL Parsing                                  *
=========================================================================
Parsing VHDL file "F:\Documents\FFT\csdadder\one_bit_adder.vhd" into library work
Parsing entity <one_bit_adder>.
Parsing architecture <Behavioral> of entity <one_bit_adder>.
Parsing VHDL file "F:\Documents\FFT\csdadder\one_bit_full_adder.vhd" into library work
Parsing entity <one_bit_full_adder>.
Parsing architecture <Behavioral> of entity <one_bit_full_adder>.
Parsing VHDL file "F:\Documents\FFT\csdadder\Dff_6.vhd" into library work
Parsing entity <Dff_6>.
Parsing architecture <Behavioral> of entity <dff_6>.
Parsing VHDL file "F:\Documents\FFT\csdadder\Dff_2.vhd" into library work
Parsing entity <Dff_2>.
Parsing architecture <Behavioral> of entity <dff_2>.
Parsing VHDL file "F:\Documents\FFT\csdadder\Dff.vhd" into library work
Parsing entity <Dff>.
Parsing architecture <Behavioral> of entity <dff>.
Parsing VHDL file "F:\Documents\FFT\csdadder\top.vhd" into library work
Parsing entity <top>.
Parsing architecture <Behavioral> of entity <top>.
WARNING:HDLCompiler:946 - "F:\Documents\FFT\csdadder\top.vhd" Line 89: Actual for formal port b is neither a static name nor a globally static expression
WARNING:HDLCompiler:946 - "F:\Documents\FFT\csdadder\top.vhd" Line 97: Actual for formal port b is neither a static name nor a globally static expression

=========================================================================
*                            HDL Elaboration                            *
=========================================================================

Elaborating entity <top> (architecture <Behavioral>) from library <work>.

Elaborating entity <Dff> (architecture <Behavioral>) from library <work>.

Elaborating entity <one_bit_full_adder> (architecture <Behavioral>) from library <work>.

Elaborating entity <one_bit_adder> (architecture <Behavioral>) from library <work>.

Elaborating entity <Dff_2> (architecture <Behavioral>) from library <work>.

Elaborating entity <Dff_6> (architecture <Behavioral>) from library <work>.

=========================================================================
*                           HDL Synthesis                               *
=========================================================================

Synthesizing Unit <top>.
    Related source file is "F:\Documents\FFT\csdadder\top.vhd".
    Summary:
	no macro.
Unit <top> synthesized.

Synthesizing Unit <Dff>.
    Related source file is "F:\Documents\FFT\csdadder\Dff.vhd".
    Found 1-bit register for signal <Q>.
    Summary:
	inferred   1 D-type flip-flop(s).
Unit <Dff> synthesized.

Synthesizing Unit <one_bit_full_adder>.
    Related source file is "F:\Documents\FFT\csdadder\one_bit_full_adder.vhd".
    Summary:
	no macro.
Unit <one_bit_full_adder> synthesized.

Synthesizing Unit <one_bit_adder>.
    Related source file is "F:\Documents\FFT\csdadder\one_bit_adder.vhd".
    Summary:
Unit <one_bit_adder> synthesized.

Synthesizing Unit <Dff_2>.
    Related source file is "F:\Documents\FFT\csdadder\Dff_2.vhd".
    Found 1-bit register for signal <tmp>.
    Found 1-bit register for signal <Q>.
    Summary:
	inferred   2 D-type flip-flop(s).
Unit <Dff_2> synthesized.

Synthesizing Unit <Dff_6>.
    Related source file is "F:\Documents\FFT\csdadder\Dff_6.vhd".
    Found 6-bit register for signal <reg>.
    Summary:
	inferred   6 D-type flip-flop(s).
Unit <Dff_6> synthesized.

=========================================================================
HDL Synthesis Report

Macro Statistics
# Registers                                            : 21
 1-bit register                                        : 20
 6-bit register                                        : 1
# Xors                                                 : 12
 1-bit xor2                                            : 12

=========================================================================

=========================================================================
*                       Advanced HDL Synthesis                          *
=========================================================================


=========================================================================
Advanced HDL Synthesis Report

Macro Statistics
# Registers                                            : 26
 Flip-Flops                                            : 26
# Xors                                                 : 12
 1-bit xor2                                            : 12

=========================================================================

=========================================================================
*                         Low Level Synthesis                           *
=========================================================================
WARNING:Xst:2170 - Unit top : the following signal(s) form a combinatorial loop: c<4>.
WARNING:Xst:2170 - Unit top : the following signal(s) form a combinatorial loop: c<1>.
WARNING:Xst:2170 - Unit top : the following signal(s) form a combinatorial loop: c<5>.
WARNING:Xst:2170 - Unit top : the following signal(s) form a combinatorial loop: c<3>.
WARNING:Xst:2170 - Unit top : the following signal(s) form a combinatorial loop: ADDER0/c2.
WARNING:Xst:2170 - Unit top : the following signal(s) form a combinatorial loop: c<2>.

Optimizing unit <top> ...

Mapping all equations...
Building and optimizing final netlist ...
Found area constraint ratio of 100 (+ 5) on block top, actual ratio is 0.

Final Macro Processing ...

Processing Unit <top> :
	Found 13-bit shift register for signal <GEN_D_DATA[13].DX_DATA/Q>.
	Found 5-bit shift register for signal <ADDER4_BUFF/reg_5>.
Unit <top> processed.

=========================================================================
Final Register Report

Macro Statistics
# Registers                                            : 8
 Flip-Flops                                            : 8
# Shift Registers                                      : 2
 13-bit shift register                                 : 1
 5-bit shift register                                  : 1

=========================================================================

=========================================================================
*                           Partition Report                            *
=========================================================================

Partition Implementation Status
-------------------------------

  No Partitions were found in this design.

-------------------------------

=========================================================================
*                            Design Summary                             *
=========================================================================

Top Level Output File Name         : top.ngc

Primitive and Black Box Usage:
------------------------------
# BELS                             : 16
#      GND                         : 1
#      LUT2                        : 4
#      LUT3                        : 10
#      VCC                         : 1
# FlipFlops/Latches                : 24
#      FDC                         : 8
#      FDCE                        : 14
#      FDE                         : 2
# Shift Registers                  : 2
#      SRLC16E                     : 2
# Clock Buffers                    : 1
#      BUFGP                       : 1
# IO Buffers                       : 3
#      IBUF                        : 2
#      OBUF                        : 1

Device utilization summary:
---------------------------

Selected Device : 7a100tcsg324-3 


Slice Logic Utilization: 
 Number of Slice Registers:              24  out of  126800     0%  
 Number of Slice LUTs:                   16  out of  63400     0%  
    Number used as Logic:                14  out of  63400     0%  
    Number used as Memory:                2  out of  19000     0%  
       Number used as SRL:                2

Slice Logic Distribution: 
 Number of LUT Flip Flop pairs used:     29
   Number with an unused Flip Flop:       5  out of     29    17%  
   Number with an unused LUT:            13  out of     29    44%  
   Number of fully used LUT-FF pairs:    11  out of     29    37%  
   Number of unique control sets:         3

IO Utilization: 
 Number of IOs:                           4
 Number of bonded IOBs:                   4  out of    210     1%  

Specific Feature Utilization:
 Number of BUFG/BUFGCTRLs:                1  out of     32     3%  

---------------------------
Partition Resource Summary:
---------------------------

  No Partitions were found in this design.

---------------------------


=========================================================================
Timing Report

NOTE: THESE TIMING NUMBERS ARE ONLY A SYNTHESIS ESTIMATE.
      FOR ACCURATE TIMING INFORMATION PLEASE REFER TO THE TRACE REPORT
      GENERATED AFTER PLACE-and-ROUTE.

Clock Information:
------------------
-----------------------------------+------------------------+-------+
Clock Signal                       | Clock buffer(FF name)  | Load  |
-----------------------------------+------------------------+-------+
clk                                | BUFGP                  | 26    |
-----------------------------------+------------------------+-------+

Asynchronous Control Signals Information:
----------------------------------------
No asynchronous control signals found in this design

Timing Summary:
---------------
Speed Grade: -3

   Minimum period: 1.378ns (Maximum Frequency: 725.689MHz)
   Minimum input arrival time before clock: 0.725ns
   Maximum output required time after clock: 1.733ns
   Maximum combinational path delay: No path found

Timing Details:
---------------
All values displayed in nanoseconds (ns)

=========================================================================
Timing constraint: Default period analysis for Clock 'clk'
  Clock period: 1.378ns (frequency: 725.689MHz)
  Total number of paths / destination ports: 39 / 24
-------------------------------------------------------------------------
Delay:               1.378ns (Levels of Logic = 2)
  Source:            ADDER1_BUFF/Q (FF)
  Destination:       ADDER2_BUFF/tmp (FF)
  Source Clock:      clk rising
  Destination Clock: clk rising

  Data Path: ADDER1_BUFF/Q to ADDER2_BUFF/tmp
                                Gate     Net
    Cell:in->out      fanout   Delay   Delay  Logical Name (Net Name)
    ----------------------------------------  ------------
     FDC:C->Q              2   0.361   0.515  ADDER1_BUFF/Q (ADDER1_BUFF/Q)
     LUT3:I0->O            2   0.097   0.299  ADDER2/C_OUT1 (c<2>)
     LUT3:I2->O            1   0.097   0.000  ADDER2/HA2/Mxor_S_xo<0>1 (s<2>)
     FDC:D                     0.008          ADDER2_BUFF/tmp
    ----------------------------------------
    Total                      1.378ns (0.563ns logic, 0.815ns route)
                                       (40.9% logic, 59.1% route)

=========================================================================
Timing constraint: Default OFFSET IN BEFORE for Clock 'clk'
  Total number of paths / destination ports: 23 / 23
-------------------------------------------------------------------------
Offset:              0.725ns (Levels of Logic = 1)
  Source:            rst (PAD)
  Destination:       ADDER0_BUFF/Q (FF)
  Destination Clock: clk rising

  Data Path: rst to ADDER0_BUFF/Q
                                Gate     Net
    Cell:in->out      fanout   Delay   Delay  Logical Name (Net Name)
    ----------------------------------------  ------------
     IBUF:I->O            22   0.001   0.375  rst_IBUF (rst_IBUF)
     FDC:CLR                   0.349          ADDER0_BUFF/Q
    ----------------------------------------
    Total                      0.725ns (0.350ns logic, 0.375ns route)
                                       (48.3% logic, 51.7% route)

=========================================================================
Timing constraint: Default OFFSET OUT AFTER for Clock 'clk'
  Total number of paths / destination ports: 4 / 1
-------------------------------------------------------------------------
Offset:              1.733ns (Levels of Logic = 3)
  Source:            ADDER4_BUFF/reg_5 (FF)
  Destination:       B (PAD)
  Source Clock:      clk rising

  Data Path: ADDER4_BUFF/reg_5 to B
                                Gate     Net
    Cell:in->out      fanout   Delay   Delay  Logical Name (Net Name)
    ----------------------------------------  ------------
     FDCE:C->Q             2   0.361   0.515  ADDER4_BUFF/reg_5 (ADDER4_BUFF/reg_5)
     LUT3:I0->O            2   0.097   0.383  ADDER5/C_OUT1 (c<5>)
     LUT3:I1->O            1   0.097   0.279  ADDER5/HA2/Mxor_S_xo<0>1 (B_OBUF)
     OBUF:I->O                 0.000          B_OBUF (B)
    ----------------------------------------
    Total                      1.733ns (0.555ns logic, 1.178ns route)
                                       (32.0% logic, 68.0% route)

=========================================================================

Cross Clock Domains Report:
--------------------------

Clock to Setup on destination clock clk
---------------+---------+---------+---------+---------+
               | Src:Rise| Src:Fall| Src:Rise| Src:Fall|
Source Clock   |Dest:Rise|Dest:Rise|Dest:Fall|Dest:Fall|
---------------+---------+---------+---------+---------+
clk            |    1.378|         |         |         |
---------------+---------+---------+---------+---------+

=========================================================================


Total REAL time to Xst completion: 30.00 secs
Total CPU time to Xst completion: 30.20 secs
 
--> 

Total memory usage is 508504 kilobytes

Number of errors   :    0 (   0 filtered)
Number of warnings :    8 (   0 filtered)
Number of infos    :    0 (   0 filtered)

