Release 14.7 - xst P.20131013 (nt64)
Copyright (c) 1995-2013 Xilinx, Inc.  All rights reserved.
--> Parameter TMPDIR set to xst/projnav.tmp


Total REAL time to Xst completion: 1.00 secs
Total CPU time to Xst completion: 0.50 secs
 
--> Parameter xsthdpdir set to xst


Total REAL time to Xst completion: 1.00 secs
Total CPU time to Xst completion: 0.51 secs
 
--> Reading design: fft_pt4.prj

TABLE OF CONTENTS
  1) Synthesis Options Summary
  2) HDL Parsing
  3) HDL Elaboration
  4) HDL Synthesis
       4.1) HDL Synthesis Report
  5) Advanced HDL Synthesis
       5.1) Advanced HDL Synthesis Report
  6) Low Level Synthesis
  7) Partition Report
  8) Design Summary
       8.1) Primitive and Black Box Usage
       8.2) Device utilization summary
       8.3) Partition Resource Summary
       8.4) Timing Report
            8.4.1) Clock Information
            8.4.2) Asynchronous Control Signals Information
            8.4.3) Timing Summary
            8.4.4) Timing Details
            8.4.5) Cross Clock Domains Report


=========================================================================
*                      Synthesis Options Summary                        *
=========================================================================
---- Source Parameters
Input File Name                    : "fft_pt4.prj"
Ignore Synthesis Constraint File   : NO

---- Target Parameters
Output File Name                   : "fft_pt4"
Output Format                      : NGC
Target Device                      : xc7a100t-3-csg324

---- Source Options
Top Module Name                    : fft_pt4
Automatic FSM Extraction           : YES
FSM Encoding Algorithm             : Auto
Safe Implementation                : No
FSM Style                          : LUT
RAM Extraction                     : Yes
RAM Style                          : Auto
ROM Extraction                     : Yes
Shift Register Extraction          : YES
ROM Style                          : Auto
Resource Sharing                   : YES
Asynchronous To Synchronous        : NO
Shift Register Minimum Size        : 2
Use DSP Block                      : Auto
Automatic Register Balancing       : No

---- Target Options
LUT Combining                      : Auto
Reduce Control Sets                : Auto
Add IO Buffers                     : YES
Global Maximum Fanout              : 100000
Add Generic Clock Buffer(BUFG)     : 32
Register Duplication               : YES
Optimize Instantiated Primitives   : NO
Use Clock Enable                   : Auto
Use Synchronous Set                : Auto
Use Synchronous Reset              : Auto
Pack IO Registers into IOBs        : Auto
Equivalent register Removal        : YES

---- General Options
Optimization Goal                  : Speed
Optimization Effort                : 1
Power Reduction                    : NO
Keep Hierarchy                     : No
Netlist Hierarchy                  : As_Optimized
RTL Output                         : Yes
Global Optimization                : AllClockNets
Read Cores                         : YES
Write Timing Constraints           : NO
Cross Clock Analysis               : NO
Hierarchy Separator                : /
Bus Delimiter                      : <>
Case Specifier                     : Maintain
Slice Utilization Ratio            : 100
BRAM Utilization Ratio             : 100
DSP48 Utilization Ratio            : 100
Auto BRAM Packing                  : NO
Slice Utilization Ratio Delta      : 5

=========================================================================


=========================================================================
*                          HDL Parsing                                  *
=========================================================================
Parsing VHDL file "D:\dell\Documents\ISE Projects\fft\fft\adder_half_bit1.vhd" into library work
Parsing entity <adder_half_bit1>.
Parsing architecture <Behavioral> of entity <adder_half_bit1>.
Parsing VHDL file "D:\dell\Documents\ISE Projects\fft\fft\Dff_preload_1_init_1.vhd" into library work
Parsing entity <Dff_preload_reg1_init_1>.
Parsing architecture <Behavioral> of entity <dff_preload_reg1_init_1>.
Parsing VHDL file "D:\dell\Documents\ISE Projects\fft\fft\Dff_preload_1.vhd" into library work
Parsing entity <Dff_preload_reg1>.
Parsing architecture <Behavioral> of entity <dff_preload_reg1>.
Parsing VHDL file "D:\dell\Documents\ISE Projects\fft\fft\adder_bit1.vhd" into library work
Parsing entity <adder_bit1>.
Parsing architecture <Behavioral> of entity <adder_bit1>.
Parsing VHDL file "D:\dell\Documents\ISE Projects\fft\fft\fft_pt4.vhd" into library work
Parsing entity <fft_pt4>.
Parsing architecture <Behavioral> of entity <fft_pt4>.

=========================================================================
*                            HDL Elaboration                            *
=========================================================================

Elaborating entity <fft_pt4> (architecture <Behavioral>) from library <work>.

Elaborating entity <Dff_preload_reg1> (architecture <Behavioral>) from library <work>.

Elaborating entity <adder_bit1> (architecture <Behavioral>) from library <work>.

Elaborating entity <adder_half_bit1> (architecture <Behavioral>) from library <work>.

Elaborating entity <Dff_preload_reg1_init_1> (architecture <Behavioral>) from library <work>.

=========================================================================
*                           HDL Synthesis                               *
=========================================================================

Synthesizing Unit <fft_pt4>.
    Related source file is "D:\dell\Documents\ISE Projects\fft\fft\fft_pt4.vhd".
    Found 4-bit register for signal <data_im_out>.
    Found 4-bit register for signal <data_re_out>.
    Summary:
	inferred   8 D-type flip-flop(s).
Unit <fft_pt4> synthesized.

Synthesizing Unit <Dff_preload_reg1>.
    Related source file is "D:\dell\Documents\ISE Projects\fft\fft\Dff_preload_1.vhd".
    Found 1-bit register for signal <reg>.
    Summary:
	inferred   1 D-type flip-flop(s).
Unit <Dff_preload_reg1> synthesized.

Synthesizing Unit <adder_bit1>.
    Related source file is "D:\dell\Documents\ISE Projects\fft\fft\adder_bit1.vhd".
    Summary:
	no macro.
Unit <adder_bit1> synthesized.

Synthesizing Unit <adder_half_bit1>.
    Related source file is "D:\dell\Documents\ISE Projects\fft\fft\adder_half_bit1.vhd".
    Summary:
Unit <adder_half_bit1> synthesized.

Synthesizing Unit <Dff_preload_reg1_init_1>.
    Related source file is "D:\dell\Documents\ISE Projects\fft\fft\Dff_preload_1_init_1.vhd".
    Found 1-bit register for signal <reg>.
    Summary:
	inferred   1 D-type flip-flop(s).
Unit <Dff_preload_reg1_init_1> synthesized.

=========================================================================
HDL Synthesis Report

Macro Statistics
# Registers                                            : 34
 1-bit register                                        : 32
 4-bit register                                        : 2
# Xors                                                 : 64
 1-bit xor2                                            : 64

=========================================================================

=========================================================================
*                       Advanced HDL Synthesis                          *
=========================================================================


=========================================================================
Advanced HDL Synthesis Report

Macro Statistics
# Registers                                            : 40
 Flip-Flops                                            : 40
# Xors                                                 : 64
 1-bit xor2                                            : 64

=========================================================================

=========================================================================
*                         Low Level Synthesis                           *
=========================================================================
WARNING:Xst:1710 - FF/Latch <C_BUFF0_IM_3/reg_0> (without init value) has a constant value of 0 in block <fft_pt4>. This FF/Latch will be trimmed during the optimization process.
WARNING:Xst:1895 - Due to other FF/Latch trimming, FF/Latch <C_BUFF0_RE_3/reg_0> (without init value) has a constant value of 0 in block <fft_pt4>. This FF/Latch will be trimmed during the optimization process.
WARNING:Xst:1895 - Due to other FF/Latch trimming, FF/Latch <C_BUFF0_IM_2/reg_0> (without init value) has a constant value of 0 in block <fft_pt4>. This FF/Latch will be trimmed during the optimization process.
WARNING:Xst:1895 - Due to other FF/Latch trimming, FF/Latch <C_BUFF0_RE_2/reg_0> (without init value) has a constant value of 0 in block <fft_pt4>. This FF/Latch will be trimmed during the optimization process.
WARNING:Xst:1895 - Due to other FF/Latch trimming, FF/Latch <C_BUFF0_IM_1/reg_0> (without init value) has a constant value of 0 in block <fft_pt4>. This FF/Latch will be trimmed during the optimization process.
WARNING:Xst:1895 - Due to other FF/Latch trimming, FF/Latch <C_BUFF0_RE_1/reg_0> (without init value) has a constant value of 0 in block <fft_pt4>. This FF/Latch will be trimmed during the optimization process.
WARNING:Xst:1895 - Due to other FF/Latch trimming, FF/Latch <C_BUFF0_IM_0/reg_0> (without init value) has a constant value of 0 in block <fft_pt4>. This FF/Latch will be trimmed during the optimization process.
WARNING:Xst:1895 - Due to other FF/Latch trimming, FF/Latch <C_BUFF0_RE_0/reg_0> (without init value) has a constant value of 0 in block <fft_pt4>. This FF/Latch will be trimmed during the optimization process.

Optimizing unit <fft_pt4> ...

Mapping all equations...
Building and optimizing final netlist ...
Found area constraint ratio of 100 (+ 5) on block fft_pt4, actual ratio is 0.

Final Macro Processing ...

=========================================================================
Final Register Report

Macro Statistics
# Registers                                            : 32
 Flip-Flops                                            : 32

=========================================================================

=========================================================================
*                           Partition Report                            *
=========================================================================

Partition Implementation Status
-------------------------------

  No Partitions were found in this design.

-------------------------------

=========================================================================
*                            Design Summary                             *
=========================================================================

Top Level Output File Name         : fft_pt4.ngc

Primitive and Black Box Usage:
------------------------------
# BELS                             : 40
#      INV                         : 1
#      LUT2                        : 7
#      LUT3                        : 8
#      LUT5                        : 8
#      LUT6                        : 16
# FlipFlops/Latches                : 32
#      FDRE                        : 20
#      FDSE                        : 12
# Clock Buffers                    : 1
#      BUFGP                       : 1
# IO Buffers                       : 19
#      IBUF                        : 11
#      OBUF                        : 8

Device utilization summary:
---------------------------

Selected Device : 7a100tcsg324-3 


Slice Logic Utilization: 
 Number of Slice Registers:              32  out of  126800     0%  
 Number of Slice LUTs:                   40  out of  63400     0%  
    Number used as Logic:                40  out of  63400     0%  

Slice Logic Distribution: 
 Number of LUT Flip Flop pairs used:     40
   Number with an unused Flip Flop:       8  out of     40    20%  
   Number with an unused LUT:             0  out of     40     0%  
   Number of fully used LUT-FF pairs:    32  out of     40    80%  
   Number of unique control sets:         2

IO Utilization: 
 Number of IOs:                          20
 Number of bonded IOBs:                  20  out of    210     9%  

Specific Feature Utilization:
 Number of BUFG/BUFGCTRLs:                1  out of     32     3%  

---------------------------
Partition Resource Summary:
---------------------------

  No Partitions were found in this design.

---------------------------


=========================================================================
Timing Report

NOTE: THESE TIMING NUMBERS ARE ONLY A SYNTHESIS ESTIMATE.
      FOR ACCURATE TIMING INFORMATION PLEASE REFER TO THE TRACE REPORT
      GENERATED AFTER PLACE-and-ROUTE.

Clock Information:
------------------
-----------------------------------+------------------------+-------+
Clock Signal                       | Clock buffer(FF name)  | Load  |
-----------------------------------+------------------------+-------+
clk                                | BUFGP                  | 32    |
-----------------------------------+------------------------+-------+

Asynchronous Control Signals Information:
----------------------------------------
No asynchronous control signals found in this design

Timing Summary:
---------------
Speed Grade: -3

   Minimum period: 0.981ns (Maximum Frequency: 1018.849MHz)
   Minimum input arrival time before clock: 1.346ns
   Maximum output required time after clock: 0.640ns
   Maximum combinational path delay: No path found

Timing Details:
---------------
All values displayed in nanoseconds (ns)

=========================================================================
Timing constraint: Default period analysis for Clock 'clk'
  Clock period: 0.981ns (frequency: 1018.849MHz)
  Total number of paths / destination ports: 72 / 32
-------------------------------------------------------------------------
Delay:               0.981ns (Levels of Logic = 1)
  Source:            C_BUFF3_IM_0/reg_0 (FF)
  Destination:       data_im_out_0 (FF)
  Source Clock:      clk rising
  Destination Clock: clk rising

  Data Path: C_BUFF3_IM_0/reg_0 to data_im_out_0
                                Gate     Net
    Cell:in->out      fanout   Delay   Delay  Logical Name (Net Name)
    ----------------------------------------  ------------
     FDRE:C->Q             2   0.361   0.515  C_BUFF3_IM_0/reg_0 (C_BUFF3_IM_0/reg_0)
     LUT6:I3->O            1   0.097   0.000  data_im_out_buff<0>1 (data_im_out_buff<0>)
     FDRE:D                    0.008          data_im_out_0
    ----------------------------------------
    Total                      0.981ns (0.466ns logic, 0.515ns route)
                                       (47.5% logic, 52.5% route)

=========================================================================
Timing constraint: Default OFFSET IN BEFORE for Clock 'clk'
  Total number of paths / destination ports: 192 / 96
-------------------------------------------------------------------------
Offset:              1.346ns (Levels of Logic = 3)
  Source:            data_re_in<1> (PAD)
  Destination:       data_re_out_0 (FF)
  Destination Clock: clk rising

  Data Path: data_re_in<1> to data_re_out_0
                                Gate     Net
    Cell:in->out      fanout   Delay   Delay  Logical Name (Net Name)
    ----------------------------------------  ------------
     IBUF:I->O            13   0.001   0.435  data_re_in_1_IBUF (data_re_in_1_IBUF)
     LUT2:I0->O            4   0.097   0.707  c_re_0<3>11_SW0 (N16)
     LUT6:I0->O            1   0.097   0.000  data_re_out_buff<0>1 (data_re_out_buff<0>)
     FDRE:D                    0.008          data_re_out_0
    ----------------------------------------
    Total                      1.346ns (0.203ns logic, 1.143ns route)
                                       (15.1% logic, 84.9% route)

=========================================================================
Timing constraint: Default OFFSET OUT AFTER for Clock 'clk'
  Total number of paths / destination ports: 8 / 8
-------------------------------------------------------------------------
Offset:              0.640ns (Levels of Logic = 1)
  Source:            data_re_out_3 (FF)
  Destination:       data_re_out<3> (PAD)
  Source Clock:      clk rising

  Data Path: data_re_out_3 to data_re_out<3>
                                Gate     Net
    Cell:in->out      fanout   Delay   Delay  Logical Name (Net Name)
    ----------------------------------------  ------------
     FDRE:C->Q             1   0.361   0.279  data_re_out_3 (data_re_out_3)
     OBUF:I->O                 0.000          data_re_out_3_OBUF (data_re_out<3>)
    ----------------------------------------
    Total                      0.640ns (0.361ns logic, 0.279ns route)
                                       (56.4% logic, 43.6% route)

=========================================================================

Cross Clock Domains Report:
--------------------------

Clock to Setup on destination clock clk
---------------+---------+---------+---------+---------+
               | Src:Rise| Src:Fall| Src:Rise| Src:Fall|
Source Clock   |Dest:Rise|Dest:Rise|Dest:Fall|Dest:Fall|
---------------+---------+---------+---------+---------+
clk            |    0.981|         |         |         |
---------------+---------+---------+---------+---------+

=========================================================================


Total REAL time to Xst completion: 30.00 secs
Total CPU time to Xst completion: 29.20 secs
 
--> 

Total memory usage is 526380 kilobytes

Number of errors   :    0 (   0 filtered)
Number of warnings :    8 (   0 filtered)
Number of infos    :    0 (   0 filtered)

