Running: d:\Xilinx\14.7\ISE_DS\ISE\bin\nt64\unwrapped\fuse.exe -intstyle ise -incremental -lib secureip -o D:/dell/Documents/ISE Projects/fft/lyon_multiplier/test_lyon_multiplier_isim_beh.exe -prj D:/dell/Documents/ISE Projects/fft/lyon_multiplier/test_lyon_multiplier_beh.prj work.test_lyon_multiplier 
ISim P.20131013 (signature 0x7708f090)
Number of CPUs detected in this system: 4
Turning on mult-threading, number of parallel sub-compilation jobs: 8 
Determining compilation order of HDL files
Parsing VHDL file "D:/dell/Documents/ISE Projects/fft/lyon_multiplier/adder_half_bit1.vhd" into library work
Parsing VHDL file "D:/dell/Documents/ISE Projects/fft/lyon_multiplier/mux_in2.vhd" into library work
Parsing VHDL file "D:/dell/Documents/ISE Projects/fft/lyon_multiplier/Dff_1.vhd" into library work
Parsing VHDL file "D:/dell/Documents/ISE Projects/fft/lyon_multiplier/adder_bit1.vhd" into library work
Parsing VHDL file "D:/dell/Documents/ISE Projects/fft/lyon_multiplier/partial_product_last.vhd" into library work
Parsing VHDL file "D:/dell/Documents/ISE Projects/fft/lyon_multiplier/partial_product.vhd" into library work
Parsing VHDL file "D:/dell/Documents/ISE Projects/fft/lyon_multiplier/lyon_multiplier.vhd" into library work
Parsing VHDL file "D:/dell/Documents/ISE Projects/fft/lyon_multiplier/test_lyon_multiplier.vhd" into library work
Starting static elaboration
Completed static elaboration
Compiling package standard
Compiling package std_logic_1164
Compiling architecture behavioral of entity Dff_reg1 [dff_reg1_default]
Compiling architecture behavioral of entity mux_in2 [mux_in2_default]
Compiling architecture behavioral of entity adder_half_bit1 [adder_half_bit1_default]
Compiling architecture behavioral of entity adder_bit1 [adder_bit1_default]
Compiling architecture behavioral of entity partial_product [partial_product_default]
Compiling architecture behavioral of entity partial_product_last [partial_product_last_default]
Compiling architecture behavioral of entity lyon_multiplier [lyon_multiplier_default]
Compiling architecture behavior of entity test_lyon_multiplier
Time Resolution for simulation is 1ps.
Waiting for 2 sub-compilation(s) to finish...
Compiled 17 VHDL Units
Built simulation executable D:/dell/Documents/ISE Projects/fft/lyon_multiplier/test_lyon_multiplier_isim_beh.exe
Fuse Memory Usage: 29552 KB
Fuse CPU Usage: 390 ms
