Release 14.7 - xst P.20131013 (nt64)
Copyright (c) 1995-2013 Xilinx, Inc.  All rights reserved.
--> Parameter TMPDIR set to xst/projnav.tmp


Total REAL time to Xst completion: 0.00 secs
Total CPU time to Xst completion: 0.31 secs
 
--> Parameter xsthdpdir set to xst


Total REAL time to Xst completion: 0.00 secs
Total CPU time to Xst completion: 0.33 secs
 
--> Reading design: lyon_multiplier.prj

TABLE OF CONTENTS
  1) Synthesis Options Summary
  2) HDL Parsing
  3) HDL Elaboration
  4) HDL Synthesis
       4.1) HDL Synthesis Report
  5) Advanced HDL Synthesis
       5.1) Advanced HDL Synthesis Report
  6) Low Level Synthesis
  7) Partition Report
  8) Design Summary
       8.1) Primitive and Black Box Usage
       8.2) Device utilization summary
       8.3) Partition Resource Summary
       8.4) Timing Report
            8.4.1) Clock Information
            8.4.2) Asynchronous Control Signals Information
            8.4.3) Timing Summary
            8.4.4) Timing Details
            8.4.5) Cross Clock Domains Report


=========================================================================
*                      Synthesis Options Summary                        *
=========================================================================
---- Source Parameters
Input File Name                    : "lyon_multiplier.prj"
Ignore Synthesis Constraint File   : NO

---- Target Parameters
Output File Name                   : "lyon_multiplier"
Output Format                      : NGC
Target Device                      : xc7a100t-3-csg324

---- Source Options
Top Module Name                    : lyon_multiplier
Automatic FSM Extraction           : YES
FSM Encoding Algorithm             : Auto
Safe Implementation                : No
FSM Style                          : LUT
RAM Extraction                     : Yes
RAM Style                          : Auto
ROM Extraction                     : Yes
Shift Register Extraction          : YES
ROM Style                          : Auto
Resource Sharing                   : YES
Asynchronous To Synchronous        : NO
Shift Register Minimum Size        : 2
Use DSP Block                      : Auto
Automatic Register Balancing       : No

---- Target Options
LUT Combining                      : Auto
Reduce Control Sets                : Auto
Add IO Buffers                     : YES
Global Maximum Fanout              : 100000
Add Generic Clock Buffer(BUFG)     : 32
Register Duplication               : YES
Optimize Instantiated Primitives   : NO
Use Clock Enable                   : Auto
Use Synchronous Set                : Auto
Use Synchronous Reset              : Auto
Pack IO Registers into IOBs        : Auto
Equivalent register Removal        : YES

---- General Options
Optimization Goal                  : Speed
Optimization Effort                : 1
Power Reduction                    : NO
Keep Hierarchy                     : No
Netlist Hierarchy                  : As_Optimized
RTL Output                         : Yes
Global Optimization                : AllClockNets
Read Cores                         : YES
Write Timing Constraints           : NO
Cross Clock Analysis               : NO
Hierarchy Separator                : /
Bus Delimiter                      : <>
Case Specifier                     : Maintain
Slice Utilization Ratio            : 100
BRAM Utilization Ratio             : 100
DSP48 Utilization Ratio            : 100
Auto BRAM Packing                  : NO
Slice Utilization Ratio Delta      : 5

=========================================================================


=========================================================================
*                          HDL Parsing                                  *
=========================================================================
Parsing VHDL file "D:\dell\Documents\ISE Projects\fft\lyon_multiplier\adder_half_bit1.vhd" into library work
Parsing entity <adder_half_bit1>.
Parsing architecture <Behavioral> of entity <adder_half_bit1>.
Parsing VHDL file "D:\dell\Documents\ISE Projects\fft\lyon_multiplier\mux_in2.vhd" into library work
Parsing entity <mux_in2>.
Parsing architecture <Behavioral> of entity <mux_in2>.
Parsing VHDL file "D:\dell\Documents\ISE Projects\fft\lyon_multiplier\Dff_1.vhd" into library work
Parsing entity <Dff_reg1>.
Parsing architecture <Behavioral> of entity <dff_reg1>.
Parsing VHDL file "D:\dell\Documents\ISE Projects\fft\lyon_multiplier\adder_bit1.vhd" into library work
Parsing entity <adder_bit1>.
Parsing architecture <Behavioral> of entity <adder_bit1>.
Parsing VHDL file "D:\dell\Documents\ISE Projects\fft\lyon_multiplier\partial_product_last.vhd" into library work
Parsing entity <partial_product_last>.
Parsing architecture <Behavioral> of entity <partial_product_last>.
Parsing VHDL file "D:\dell\Documents\ISE Projects\fft\lyon_multiplier\partial_product.vhd" into library work
Parsing entity <partial_product>.
Parsing architecture <Behavioral> of entity <partial_product>.
Parsing VHDL file "D:\dell\Documents\ISE Projects\fft\lyon_multiplier\lyon_multiplier.vhd" into library work
Parsing entity <lyon_multiplier>.
Parsing architecture <Behavioral> of entity <lyon_multiplier>.

=========================================================================
*                            HDL Elaboration                            *
=========================================================================

Elaborating entity <lyon_multiplier> (architecture <Behavioral>) from library <work>.

Elaborating entity <partial_product> (architecture <Behavioral>) from library <work>.

Elaborating entity <Dff_reg1> (architecture <Behavioral>) from library <work>.

Elaborating entity <mux_in2> (architecture <Behavioral>) from library <work>.

Elaborating entity <adder_bit1> (architecture <Behavioral>) from library <work>.

Elaborating entity <adder_half_bit1> (architecture <Behavioral>) from library <work>.

Elaborating entity <partial_product_last> (architecture <Behavioral>) from library <work>.

=========================================================================
*                           HDL Synthesis                               *
=========================================================================

Synthesizing Unit <lyon_multiplier>.
    Related source file is "D:\dell\Documents\ISE Projects\fft\lyon_multiplier\lyon_multiplier.vhd".
    Found 1-bit register for signal <d1_in_delay<14>>.
    Found 1-bit register for signal <d1_in_delay<13>>.
    Found 1-bit register for signal <d1_in_delay<12>>.
    Found 1-bit register for signal <d1_in_delay<11>>.
    Found 1-bit register for signal <d1_in_delay<10>>.
    Found 1-bit register for signal <d1_in_delay<9>>.
    Found 1-bit register for signal <d1_in_delay<8>>.
    Found 1-bit register for signal <d1_in_delay<7>>.
    Found 1-bit register for signal <d1_in_delay<6>>.
    Found 1-bit register for signal <d1_in_delay<5>>.
    Found 1-bit register for signal <d1_in_delay<4>>.
    Found 1-bit register for signal <d1_in_delay<3>>.
    Found 1-bit register for signal <d1_in_delay<2>>.
    Found 1-bit register for signal <d1_in_delay<1>>.
    Found 1-bit register for signal <ctrl_delay<14>>.
    Found 1-bit register for signal <ctrl_delay<13>>.
    Found 1-bit register for signal <ctrl_delay<12>>.
    Found 1-bit register for signal <ctrl_delay<11>>.
    Found 1-bit register for signal <ctrl_delay<10>>.
    Found 1-bit register for signal <ctrl_delay<9>>.
    Found 1-bit register for signal <ctrl_delay<8>>.
    Found 1-bit register for signal <ctrl_delay<7>>.
    Found 1-bit register for signal <ctrl_delay<6>>.
    Found 1-bit register for signal <ctrl_delay<5>>.
    Found 1-bit register for signal <ctrl_delay<4>>.
    Found 1-bit register for signal <ctrl_delay<3>>.
    Found 1-bit register for signal <ctrl_delay<2>>.
    Found 1-bit register for signal <ctrl_delay<1>>.
    Found 1-bit register for signal <product_out>.
    Found 1-bit register for signal <d1_in_delay<15>>.
    Summary:
	inferred  30 D-type flip-flop(s).
Unit <lyon_multiplier> synthesized.

Synthesizing Unit <partial_product>.
    Related source file is "D:\dell\Documents\ISE Projects\fft\lyon_multiplier\partial_product.vhd".
WARNING:Xst:647 - Input <ce> is never used. This port will be preserved and left unconnected if it belongs to a top-level block or it belongs to a sub-block and the hierarchy of this sub-block is preserved.
    Summary:
	no macro.
Unit <partial_product> synthesized.

Synthesizing Unit <Dff_reg1>.
    Related source file is "D:\dell\Documents\ISE Projects\fft\lyon_multiplier\Dff_1.vhd".
    Found 1-bit register for signal <Q>.
    Summary:
	inferred   1 D-type flip-flop(s).
Unit <Dff_reg1> synthesized.

Synthesizing Unit <mux_in2>.
    Related source file is "D:\dell\Documents\ISE Projects\fft\lyon_multiplier\mux_in2.vhd".
    Summary:
	inferred   1 Multiplexer(s).
Unit <mux_in2> synthesized.

Synthesizing Unit <adder_bit1>.
    Related source file is "D:\dell\Documents\ISE Projects\fft\lyon_multiplier\adder_bit1.vhd".
    Summary:
	no macro.
Unit <adder_bit1> synthesized.

Synthesizing Unit <adder_half_bit1>.
    Related source file is "D:\dell\Documents\ISE Projects\fft\lyon_multiplier\adder_half_bit1.vhd".
    Summary:
	no macro.
Unit <adder_half_bit1> synthesized.

Synthesizing Unit <partial_product_last>.
    Related source file is "D:\dell\Documents\ISE Projects\fft\lyon_multiplier\partial_product_last.vhd".
WARNING:Xst:647 - Input <ce> is never used. This port will be preserved and left unconnected if it belongs to a top-level block or it belongs to a sub-block and the hierarchy of this sub-block is preserved.
    Summary:
	no macro.
Unit <partial_product_last> synthesized.

=========================================================================
HDL Synthesis Report

Macro Statistics
# Registers                                            : 75
 1-bit register                                        : 75
# Multiplexers                                         : 30
 1-bit 2-to-1 multiplexer                              : 30

=========================================================================

=========================================================================
*                       Advanced HDL Synthesis                          *
=========================================================================


=========================================================================
Advanced HDL Synthesis Report

Macro Statistics
# Registers                                            : 75
 Flip-Flops                                            : 75

=========================================================================

=========================================================================
*                         Low Level Synthesis                           *
=========================================================================
WARNING:Xst:1710 - FF/Latch <GEN_PP[1].PPX/BUFF_C/Q> (without init value) has a constant value of 0 in block <lyon_multiplier>. This FF/Latch will be trimmed during the optimization process.
WARNING:Xst:1895 - Due to other FF/Latch trimming, FF/Latch <GEN_PP[4].PPX/BUFF_C/Q> (without init value) has a constant value of 0 in block <lyon_multiplier>. This FF/Latch will be trimmed during the optimization process.
WARNING:Xst:1895 - Due to other FF/Latch trimming, FF/Latch <GEN_PP[9].PPX/BUFF_C/Q> (without init value) has a constant value of 0 in block <lyon_multiplier>. This FF/Latch will be trimmed during the optimization process.
WARNING:Xst:2677 - Node <GEN_PP[1].PPX/BUFF_CTRL/Q> of sequential type is unconnected in block <lyon_multiplier>.
WARNING:Xst:2677 - Node <GEN_PP[4].PPX/BUFF_CTRL/Q> of sequential type is unconnected in block <lyon_multiplier>.
WARNING:Xst:2677 - Node <GEN_PP[9].PPX/BUFF_CTRL/Q> of sequential type is unconnected in block <lyon_multiplier>.

Optimizing unit <lyon_multiplier> ...

Mapping all equations...
Building and optimizing final netlist ...
Found area constraint ratio of 100 (+ 5) on block lyon_multiplier, actual ratio is 0.

Final Macro Processing ...

=========================================================================
Final Register Report

Macro Statistics
# Registers                                            : 69
 Flip-Flops                                            : 69

=========================================================================

=========================================================================
*                           Partition Report                            *
=========================================================================

Partition Implementation Status
-------------------------------

  No Partitions were found in this design.

-------------------------------

=========================================================================
*                            Design Summary                             *
=========================================================================

Top Level Output File Name         : lyon_multiplier.ngc

Primitive and Black Box Usage:
------------------------------
# BELS                             : 146
#      INV                         : 1
#      LUT3                        : 11
#      LUT4                        : 3
#      LUT5                        : 10
#      LUT6                        : 91
#      MUXF7                       : 30
# FlipFlops/Latches                : 69
#      FDR                         : 39
#      FDRE                        : 30
# Clock Buffers                    : 1
#      BUFGP                       : 1
# IO Buffers                       : 5
#      IBUF                        : 4
#      OBUF                        : 1

Device utilization summary:
---------------------------

Selected Device : 7a100tcsg324-3 


Slice Logic Utilization: 
 Number of Slice Registers:              69  out of  126800     0%  
 Number of Slice LUTs:                  116  out of  63400     0%  
    Number used as Logic:               116  out of  63400     0%  

Slice Logic Distribution: 
 Number of LUT Flip Flop pairs used:    149
   Number with an unused Flip Flop:      80  out of    149    53%  
   Number with an unused LUT:            33  out of    149    22%  
   Number of fully used LUT-FF pairs:    36  out of    149    24%  
   Number of unique control sets:         2

IO Utilization: 
 Number of IOs:                           6
 Number of bonded IOBs:                   6  out of    210     2%  

Specific Feature Utilization:
 Number of BUFG/BUFGCTRLs:                1  out of     32     3%  

---------------------------
Partition Resource Summary:
---------------------------

  No Partitions were found in this design.

---------------------------


=========================================================================
Timing Report

NOTE: THESE TIMING NUMBERS ARE ONLY A SYNTHESIS ESTIMATE.
      FOR ACCURATE TIMING INFORMATION PLEASE REFER TO THE TRACE REPORT
      GENERATED AFTER PLACE-and-ROUTE.

Clock Information:
------------------
-----------------------------------+------------------------+-------+
Clock Signal                       | Clock buffer(FF name)  | Load  |
-----------------------------------+------------------------+-------+
clk                                | BUFGP                  | 69    |
-----------------------------------+------------------------+-------+

Asynchronous Control Signals Information:
----------------------------------------
No asynchronous control signals found in this design

Timing Summary:
---------------
Speed Grade: -3

   Minimum period: 3.010ns (Maximum Frequency: 332.248MHz)
   Minimum input arrival time before clock: 2.490ns
   Maximum output required time after clock: 0.640ns
   Maximum combinational path delay: No path found

Timing Details:
---------------
All values displayed in nanoseconds (ns)

=========================================================================
Timing constraint: Default period analysis for Clock 'clk'
  Clock period: 3.010ns (frequency: 332.248MHz)
  Total number of paths / destination ports: 2720 / 65
-------------------------------------------------------------------------
Delay:               3.010ns (Levels of Logic = 5)
  Source:            d1_in_delay_11 (FF)
  Destination:       product_out (FF)
  Source Clock:      clk rising
  Destination Clock: clk rising

  Data Path: d1_in_delay_11 to product_out
                                Gate     Net
    Cell:in->out      fanout   Delay   Delay  Logical Name (Net Name)
    ----------------------------------------  ------------
     FDRE:C->Q             4   0.361   0.525  d1_in_delay_11 (d1_in_delay_11)
     LUT3:I0->O            5   0.097   0.298  GEN_PP[9].PPX/MUX_DIN1/Mmux_d_out11_SW0 (N2)
     MUXF7:S->O           25   0.335   0.401  GEN_PP[10].PPX/ADDER/HA2/sum_out1_SW0 (N23)
     LUT6:I5->O            1   0.097   0.000  GEN_PP[11].PPX/ADDER/HA2/sum_out1_SW0_G (N116)
     MUXF7:I1->O           1   0.279   0.511  GEN_PP[11].PPX/ADDER/HA2/sum_out1_SW0 (N41)
     LUT6:I3->O            1   0.097   0.000  GEN_PP[12].PPX/ADDER/c_out1 (GEN_PP[12].PPX/c_out)
     FDR:D                     0.008          GEN_PP[12].PPX/BUFF_C/Q
    ----------------------------------------
    Total                      3.010ns (1.274ns logic, 1.736ns route)
                                       (42.3% logic, 57.7% route)

=========================================================================
Timing constraint: Default OFFSET IN BEFORE for Clock 'clk'
  Total number of paths / destination ports: 157 / 130
-------------------------------------------------------------------------
Offset:              2.490ns (Levels of Logic = 6)
  Source:            d1_in (PAD)
  Destination:       product_out (FF)
  Destination Clock: clk rising

  Data Path: d1_in to product_out
                                Gate     Net
    Cell:in->out      fanout   Delay   Delay  Logical Name (Net Name)
    ----------------------------------------  ------------
     IBUF:I->O             4   0.001   0.707  d1_in_IBUF (d1_in_IBUF)
     LUT6:I0->O            3   0.097   0.305  GEN_PP[0].PPX/ADDER/HA2/sum_out1 (pp<1>)
     LUT6:I5->O            5   0.097   0.314  GEN_PP[2].PPX/ADDER/HA2/sum_out1 (pp<3>)
     LUT6:I5->O           13   0.097   0.351  GEN_PP[5].PPX/ADDER/HA2/sum_out1 (pp<6>)
     LUT6:I5->O            6   0.097   0.318  GEN_PP[8].PPX/ADDER/HA2/sum_out1 (pp<9>)
     LUT6:I5->O            1   0.097   0.000  GEN_PP[12].PPX/ADDER/c_out1 (GEN_PP[12].PPX/c_out)
     FDR:D                     0.008          GEN_PP[12].PPX/BUFF_C/Q
    ----------------------------------------
    Total                      2.490ns (0.494ns logic, 1.996ns route)
                                       (19.8% logic, 80.2% route)

=========================================================================
Timing constraint: Default OFFSET OUT AFTER for Clock 'clk'
  Total number of paths / destination ports: 1 / 1
-------------------------------------------------------------------------
Offset:              0.640ns (Levels of Logic = 1)
  Source:            product_out (FF)
  Destination:       product_out (PAD)
  Source Clock:      clk rising

  Data Path: product_out to product_out
                                Gate     Net
    Cell:in->out      fanout   Delay   Delay  Logical Name (Net Name)
    ----------------------------------------  ------------
     FDRE:C->Q             1   0.361   0.279  product_out (product_out_OBUF)
     OBUF:I->O                 0.000          product_out_OBUF (product_out)
    ----------------------------------------
    Total                      0.640ns (0.361ns logic, 0.279ns route)
                                       (56.4% logic, 43.6% route)

=========================================================================

Cross Clock Domains Report:
--------------------------

Clock to Setup on destination clock clk
---------------+---------+---------+---------+---------+
               | Src:Rise| Src:Fall| Src:Rise| Src:Fall|
Source Clock   |Dest:Rise|Dest:Rise|Dest:Fall|Dest:Fall|
---------------+---------+---------+---------+---------+
clk            |    3.010|         |         |         |
---------------+---------+---------+---------+---------+

=========================================================================


Total REAL time to Xst completion: 29.00 secs
Total CPU time to Xst completion: 28.71 secs
 
--> 

Total memory usage is 526392 kilobytes

Number of errors   :    0 (   0 filtered)
Number of warnings :    8 (   0 filtered)
Number of infos    :    0 (   0 filtered)

