--------------------------------- Version Log ----------------------------------
Version                                 Path
System Generator                        D:/Xilinx/14.7/ISE_DS/ISE/sysgen
Matlab 8.0.0.783 (R2012b)               D:/MATLAB/R2012b
ISE                                     D:/Xilinx/14.7/ISE_DS/ISE
--------------------------------------------------------------------------------
Summary of Errors:
Error 0001: Internal Error
     Block: 'multiplier_co_sim/Black Box'
--------------------------------------------------------------------------------

Error 0001:

Reported by:
  'multiplier_co_sim/Black Box'

Details:
An internal error occurred in the Xilinx Blockset Library.

Please report this error to Xilinx (http://support.xilinx.com),
in as much detail as possible. You may also find immediate help
in the Answers Database and other online resources at http://support.xilinx.com.


Error occurred during "Simulation Update Outputs".

--------------------------------------------------------------------------------
